<?xml version="1.0" encoding="UTF-8"?>
<testsuite name="com.kaikeventura.httpgrpc.HttpGrpcApplicationTests" tests="1" skipped="0" failures="0" errors="0" timestamp="2024-03-08T02:41:29" hostname="kaikuntu" time="0.69">
  <properties/>
  <testcase name="contextLoads()" classname="com.kaikeventura.httpgrpc.HttpGrpcApplicationTests" time="0.69"/>
  <system-out><![CDATA[23:41:23.068 [Test worker] INFO org.springframework.test.context.support.AnnotationConfigContextLoaderUtils -- Could not detect default configuration classes for test class [com.kaikeventura.httpgrpc.HttpGrpcApplicationTests]: HttpGrpcApplicationTests does not declare any static, non-private, non-final, nested classes annotated with @Configuration.
23:41:23.198 [Test worker] INFO org.springframework.boot.test.context.SpringBootTestContextBootstrapper -- Found @SpringBootConfiguration com.kaikeventura.httpgrpc.HttpGrpcApplication for test class com.kaikeventura.httpgrpc.HttpGrpcApplicationTests

  .   ____          _            __ _ _
 /\\ / ___'_ __ _ _(_)_ __  __ _ \ \ \ \
( ( )\___ | '_ | '_| | '_ \/ _` | \ \ \ \
 \\/  ___)| |_)| | | | | || (_| |  ) ) ) )
  '  |____| .__|_| |_|_| |_\__, | / / / /
 =========|_|==============|___/=/_/_/_/
 :: Spring Boot ::                (v3.2.3)

2024-03-07T23:41:23.737-03:00  INFO 4809 --- [    Test worker] c.k.httpgrpc.HttpGrpcApplicationTests    : Starting HttpGrpcApplicationTests using Java 21.0.2 with PID 4809 (started by kaike in /home/kaike/Git/http-grpc/http-grpc)
2024-03-07T23:41:23.739-03:00  INFO 4809 --- [    Test worker] c.k.httpgrpc.HttpGrpcApplicationTests    : No active profile set, falling back to 1 default profile: "default"
2024-03-07T23:41:24.917-03:00  INFO 4809 --- [    Test worker] .s.d.r.c.RepositoryConfigurationDelegate : Bootstrapping Spring Data JPA repositories in DEFAULT mode.
2024-03-07T23:41:25.024-03:00  INFO 4809 --- [    Test worker] .s.d.r.c.RepositoryConfigurationDelegate : Finished Spring Data repository scanning in 95 ms. Found 2 JPA repository interfaces.
2024-03-07T23:41:25.651-03:00  INFO 4809 --- [    Test worker] o.hibernate.jpa.internal.util.LogHelper  : HHH000204: Processing PersistenceUnitInfo [name: default]
2024-03-07T23:41:25.731-03:00  INFO 4809 --- [    Test worker] org.hibernate.Version                    : HHH000412: Hibernate ORM core version 6.4.4.Final
2024-03-07T23:41:25.784-03:00  INFO 4809 --- [    Test worker] o.h.c.internal.RegionFactoryInitiator    : HHH000026: Second-level cache disabled
2024-03-07T23:41:26.111-03:00  INFO 4809 --- [    Test worker] o.s.o.j.p.SpringPersistenceUnitInfo      : No LoadTimeWeaver setup: ignoring JPA class transformer
2024-03-07T23:41:26.152-03:00  INFO 4809 --- [    Test worker] com.zaxxer.hikari.HikariDataSource       : HikariPool-1 - Starting...
2024-03-07T23:41:26.603-03:00  INFO 4809 --- [    Test worker] com.zaxxer.hikari.pool.HikariPool        : HikariPool-1 - Added connection com.mysql.cj.jdbc.ConnectionImpl@5af38a4a
2024-03-07T23:41:26.605-03:00  INFO 4809 --- [    Test worker] com.zaxxer.hikari.HikariDataSource       : HikariPool-1 - Start completed.
2024-03-07T23:41:26.658-03:00  WARN 4809 --- [    Test worker] org.hibernate.orm.deprecation            : HHH90000025: MySQL8Dialect does not need to be specified explicitly using 'hibernate.dialect' (remove the property setting and it will be selected by default)
2024-03-07T23:41:26.660-03:00  WARN 4809 --- [    Test worker] org.hibernate.orm.deprecation            : HHH90000026: MySQL8Dialect has been deprecated; use org.hibernate.dialect.MySQLDialect instead
2024-03-07T23:41:27.818-03:00  INFO 4809 --- [    Test worker] o.h.e.t.j.p.i.JtaPlatformInitiator       : HHH000489: No JTA platform available (set 'hibernate.transaction.jta.platform' to enable JTA platform integration)
2024-03-07T23:41:27.901-03:00  INFO 4809 --- [    Test worker] j.LocalContainerEntityManagerFactoryBean : Initialized JPA EntityManagerFactory for persistence unit 'default'
2024-03-07T23:41:28.916-03:00  WARN 4809 --- [    Test worker] JpaBaseConfiguration$JpaWebConfiguration : spring.jpa.open-in-view is enabled by default. Therefore, database queries may be performed during view rendering. Explicitly configure spring.jpa.open-in-view to disable this warning
2024-03-07T23:41:29.499-03:00  INFO 4809 --- [    Test worker] c.k.httpgrpc.HttpGrpcApplicationTests    : Started HttpGrpcApplicationTests in 6.125 seconds (process running for 7.626)
]]></system-out>
  <system-err><![CDATA[WARNING: A Java agent has been loaded dynamically (/home/kaike/.gradle/caches/modules-2/files-2.1/net.bytebuddy/byte-buddy-agent/1.14.12/be4984cb6fd1ef1d11f218a648889dfda44b8a15/byte-buddy-agent-1.14.12.jar)
WARNING: If a serviceability tool is in use, please run with -XX:+EnableDynamicAgentLoading to hide this warning
WARNING: If a serviceability tool is not in use, please run with -Djdk.instrument.traceUsage for more information
WARNING: Dynamic loading of agents will be disallowed by default in a future release
]]></system-err>
</testsuite>
